{"name":"Test05 - Verify Logo Visually","status":"failed","statusDetails":{"known":false,"muted":false,"flaky":false,"message":"Error Comparing Image File:FindFailed: C:\\\\Automation\\\\FinalProject_nopCommerce\\\\imageRepository\\\\nopCommerceLogo.png: (370x68) in R[0,0 1280x720]@S(0)\n  Line 2287, in file Region.java\n","trace":"java.lang.AssertionError: Error Comparing Image File:FindFailed: C:\\\\Automation\\\\FinalProject_nopCommerce\\\\imageRepository\\\\nopCommerceLogo.png: (370x68) in R[0,0 1280x720]@S(0)\n  Line 2287, in file Region.java\n\r\n\tat org.testng.Assert.fail(Assert.java:97)\r\n\tat extensions.Verifications.VisualElement(Verifications.java:95)\r\n\tat sanity.nopCommerceWeb.test05_Verify_LogoVisually(nopCommerceWeb.java:75)\r\n\tat sun.reflect.NativeMethodAccessorImpl.invoke0(Native Method)\r\n\tat sun.reflect.NativeMethodAccessorImpl.invoke(NativeMethodAccessorImpl.java:62)\r\n\tat sun.reflect.DelegatingMethodAccessorImpl.invoke(DelegatingMethodAccessorImpl.java:43)\r\n\tat java.lang.reflect.Method.invoke(Method.java:498)\r\n\tat org.testng.internal.MethodInvocationHelper.invokeMethod(MethodInvocationHelper.java:133)\r\n\tat org.testng.internal.TestInvoker.invokeMethod(TestInvoker.java:584)\r\n\tat org.testng.internal.TestInvoker.invokeTestMethod(TestInvoker.java:172)\r\n\tat org.testng.internal.MethodRunner.runInSequence(MethodRunner.java:46)\r\n\tat org.testng.internal.TestInvoker$MethodInvocationAgent.invoke(TestInvoker.java:804)\r\n\tat org.testng.internal.TestInvoker.invokeTestMethods(TestInvoker.java:145)\r\n\tat org.testng.internal.TestMethodWorker.invokeTestMethods(TestMethodWorker.java:146)\r\n\tat org.testng.internal.TestMethodWorker.run(TestMethodWorker.java:128)\r\n\tat java.util.ArrayList.forEach(ArrayList.java:1257)\r\n\tat org.testng.TestRunner.privateRun(TestRunner.java:770)\r\n\tat org.testng.TestRunner.run(TestRunner.java:591)\r\n\tat org.testng.SuiteRunner.runTest(SuiteRunner.java:402)\r\n\tat org.testng.SuiteRunner.runSequentially(SuiteRunner.java:396)\r\n\tat org.testng.SuiteRunner.privateRun(SuiteRunner.java:355)\r\n\tat org.testng.SuiteRunner.run(SuiteRunner.java:304)\r\n\tat org.testng.SuiteRunnerWorker.runSuite(SuiteRunnerWorker.java:53)\r\n\tat org.testng.SuiteRunnerWorker.run(SuiteRunnerWorker.java:96)\r\n\tat org.testng.TestNG.runSuitesSequentially(TestNG.java:1180)\r\n\tat org.testng.TestNG.runSuitesLocally(TestNG.java:1102)\r\n\tat org.testng.TestNG.runSuites(TestNG.java:1032)\r\n\tat org.testng.TestNG.run(TestNG.java:1000)\r\n\tat org.apache.maven.surefire.testng.TestNGExecutor.run(TestNGExecutor.java:283)\r\n\tat org.apache.maven.surefire.testng.TestNGXmlTestSuite.execute(TestNGXmlTestSuite.java:75)\r\n\tat org.apache.maven.surefire.testng.TestNGProvider.invoke(TestNGProvider.java:120)\r\n\tat org.apache.maven.surefire.booter.ForkedBooter.invokeProviderInSameClassLoader(ForkedBooter.java:384)\r\n\tat org.apache.maven.surefire.booter.ForkedBooter.runSuitesInProcess(ForkedBooter.java:345)\r\n\tat org.apache.maven.surefire.booter.ForkedBooter.execute(ForkedBooter.java:126)\r\n\tat org.apache.maven.surefire.booter.ForkedBooter.main(ForkedBooter.java:418)\r\n"},"stage":"finished","description":"This Test Verify Company Logo Using Sikuli Tool ","steps":[{"name":" Verify Elements Visually","status":"failed","statusDetails":{"known":false,"muted":false,"flaky":false,"message":"Error Comparing Image File:FindFailed: C:\\\\Automation\\\\FinalProject_nopCommerce\\\\imageRepository\\\\nopCommerceLogo.png: (370x68) in R[0,0 1280x720]@S(0)\n  Line 2287, in file Region.java\n","trace":"java.lang.AssertionError: Error Comparing Image File:FindFailed: C:\\\\Automation\\\\FinalProject_nopCommerce\\\\imageRepository\\\\nopCommerceLogo.png: (370x68) in R[0,0 1280x720]@S(0)\n  Line 2287, in file Region.java\n\r\n\tat org.testng.Assert.fail(Assert.java:97)\r\n\tat extensions.Verifications.VisualElement(Verifications.java:95)\r\n\tat sanity.nopCommerceWeb.test05_Verify_LogoVisually(nopCommerceWeb.java:75)\r\n\tat sun.reflect.NativeMethodAccessorImpl.invoke0(Native Method)\r\n\tat sun.reflect.NativeMethodAccessorImpl.invoke(NativeMethodAccessorImpl.java:62)\r\n\tat sun.reflect.DelegatingMethodAccessorImpl.invoke(DelegatingMethodAccessorImpl.java:43)\r\n\tat java.lang.reflect.Method.invoke(Method.java:498)\r\n\tat org.testng.internal.MethodInvocationHelper.invokeMethod(MethodInvocationHelper.java:133)\r\n\tat org.testng.internal.TestInvoker.invokeMethod(TestInvoker.java:584)\r\n\tat org.testng.internal.TestInvoker.invokeTestMethod(TestInvoker.java:172)\r\n\tat org.testng.internal.MethodRunner.runInSequence(MethodRunner.java:46)\r\n\tat org.testng.internal.TestInvoker$MethodInvocationAgent.invoke(TestInvoker.java:804)\r\n\tat org.testng.internal.TestInvoker.invokeTestMethods(TestInvoker.java:145)\r\n\tat org.testng.internal.TestMethodWorker.invokeTestMethods(TestMethodWorker.java:146)\r\n\tat org.testng.internal.TestMethodWorker.run(TestMethodWorker.java:128)\r\n\tat java.util.ArrayList.forEach(ArrayList.java:1257)\r\n\tat org.testng.TestRunner.privateRun(TestRunner.java:770)\r\n\tat org.testng.TestRunner.run(TestRunner.java:591)\r\n\tat org.testng.SuiteRunner.runTest(SuiteRunner.java:402)\r\n\tat org.testng.SuiteRunner.runSequentially(SuiteRunner.java:396)\r\n\tat org.testng.SuiteRunner.privateRun(SuiteRunner.java:355)\r\n\tat org.testng.SuiteRunner.run(SuiteRunner.java:304)\r\n\tat org.testng.SuiteRunnerWorker.runSuite(SuiteRunnerWorker.java:53)\r\n\tat org.testng.SuiteRunnerWorker.run(SuiteRunnerWorker.java:96)\r\n\tat org.testng.TestNG.runSuitesSequentially(TestNG.java:1180)\r\n\tat org.testng.TestNG.runSuitesLocally(TestNG.java:1102)\r\n\tat org.testng.TestNG.runSuites(TestNG.java:1032)\r\n\tat org.testng.TestNG.run(TestNG.java:1000)\r\n\tat org.apache.maven.surefire.testng.TestNGExecutor.run(TestNGExecutor.java:283)\r\n\tat org.apache.maven.surefire.testng.TestNGXmlTestSuite.execute(TestNGXmlTestSuite.java:75)\r\n\tat org.apache.maven.surefire.testng.TestNGProvider.invoke(TestNGProvider.java:120)\r\n\tat org.apache.maven.surefire.booter.ForkedBooter.invokeProviderInSameClassLoader(ForkedBooter.java:384)\r\n\tat org.apache.maven.surefire.booter.ForkedBooter.runSuitesInProcess(ForkedBooter.java:345)\r\n\tat org.apache.maven.surefire.booter.ForkedBooter.execute(ForkedBooter.java:126)\r\n\tat org.apache.maven.surefire.booter.ForkedBooter.main(ForkedBooter.java:418)\r\n"},"stage":"finished","steps":[],"attachments":[],"parameters":[{"name":"expected_imageName","value":"nopCommerceLogo"}],"start":1634204525925,"stop":1634204530102}],"attachments":[{"name":"page screen shots","source":"54b5effa-1b84-4870-9b2c-0000aab79a41-attachment","type":"image/png"}],"parameters":[{"name":"PlatformName","value":"web"}],"start":1634204522923,"stop":1634204530897,"uuid":"dd982bed-ae5a-44ed-8c22-5a67816f1211","historyId":"441ce64626a167b730d16dcd44064237","fullName":"sanity.nopCommerceWeb.test05_Verify_LogoVisually","labels":[{"name":"package","value":"sanity.nopCommerceWeb"},{"name":"testClass","value":"sanity.nopCommerceWeb"},{"name":"testMethod","value":"test05_Verify_LogoVisually"},{"name":"parentSuite","value":"Web Suite"},{"name":"suite","value":"Web Tests"},{"name":"subSuite","value":"sanity.nopCommerceWeb"},{"name":"host","value":"DESKTOP-HSPR786"},{"name":"thread","value":"19760@DESKTOP-HSPR786.main(1)"},{"name":"framework","value":"testng"},{"name":"language","value":"java"}],"links":[]}